{"/Users/jeannemenager/Documents/GitHub/MON_2.1/app.js": {"path":"/Users/jeannemenager/Documents/GitHub/MON_2.1/app.js","statementMap":{"0":{"start":{"line":4,"column":19},"end":{"line":4,"column":49}},"1":{"start":{"line":5,"column":18},"end":{"line":5,"column":42}},"2":{"start":{"line":9,"column":12},"end":{"line":9,"column":21}},"3":{"start":{"line":15,"column":0},"end":{"line":18,"column":2}},"4":{"start":{"line":16,"column":4},"end":{"line":16,"column":24}},"5":{"start":{"line":17,"column":4},"end":{"line":17,"column":11}},"6":{"start":{"line":20,"column":0},"end":{"line":20,"column":67}},"7":{"start":{"line":22,"column":0},"end":{"line":24,"column":2}},"8":{"start":{"line":23,"column":4},"end":{"line":23,"column":43}},"9":{"start":{"line":26,"column":0},"end":{"line":26,"column":20}},"10":{"start":{"line":28,"column":0},"end":{"line":36,"column":2}},"11":{"start":{"line":29,"column":4},"end":{"line":29,"column":48}},"12":{"start":{"line":31,"column":4},"end":{"line":31,"column":25}},"13":{"start":{"line":32,"column":4},"end":{"line":32,"column":47}},"14":{"start":{"line":34,"column":4},"end":{"line":34,"column":116}}},"fnMap":{"0":{"name":"(anonymous_0)","decl":{"start":{"line":15,"column":8},"end":{"line":15,"column":9}},"loc":{"start":{"line":15,"column":34},"end":{"line":18,"column":1}},"line":15},"1":{"name":"(anonymous_1)","decl":{"start":{"line":22,"column":13},"end":{"line":22,"column":14}},"loc":{"start":{"line":22,"column":27},"end":{"line":24,"column":1}},"line":22},"2":{"name":"(anonymous_2)","decl":{"start":{"line":28,"column":8},"end":{"line":28,"column":9}},"loc":{"start":{"line":28,"column":28},"end":{"line":36,"column":1}},"line":28}},"branchMap":{},"s":{"0":2,"1":2,"2":2,"3":2,"4":3,"5":3,"6":2,"7":2,"8":1,"9":2,"10":2,"11":1,"12":1,"13":1,"14":1},"f":{"0":3,"1":1,"2":1},"b":{},"_coverageSchema":"1a1c01bbd47fc00a2c39e90264f33305004495a9","hash":"3cf23ca874ae1812f992c74cb846f9c377fd3aa6"}
,"/Users/jeannemenager/Documents/GitHub/MON_2.1/db.js": {"path":"/Users/jeannemenager/Documents/GitHub/MON_2.1/db.js","statementMap":{"0":{"start":{"line":8,"column":19},"end":{"line":8,"column":49}},"1":{"start":{"line":9,"column":18},"end":{"line":9,"column":42}},"2":{"start":{"line":11,"column":10},"end":{"line":11,"column":47}},"3":{"start":{"line":15,"column":0},"end":{"line":19,"column":1}},"4":{"start":{"line":16,"column":2},"end":{"line":16,"column":22}},"5":{"start":{"line":18,"column":2},"end":{"line":18,"column":45}},"6":{"start":{"line":21,"column":18},"end":{"line":25,"column":2}},"7":{"start":{"line":24,"column":20},"end":{"line":24,"column":36}}},"fnMap":{"0":{"name":"(anonymous_0)","decl":{"start":{"line":24,"column":11},"end":{"line":24,"column":12}},"loc":{"start":{"line":24,"column":20},"end":{"line":24,"column":36}},"line":24}},"branchMap":{"0":{"loc":{"start":{"line":11,"column":10},"end":{"line":11,"column":47}},"type":"binary-expr","locations":[{"start":{"line":11,"column":10},"end":{"line":11,"column":30}},{"start":{"line":11,"column":34},"end":{"line":11,"column":47}}],"line":11},"1":{"loc":{"start":{"line":15,"column":0},"end":{"line":19,"column":1}},"type":"if","locations":[{"start":{"line":15,"column":0},"end":{"line":19,"column":1}},{"start":{"line":17,"column":7},"end":{"line":19,"column":1}}],"line":15}},"s":{"0":2,"1":2,"2":2,"3":2,"4":0,"5":2,"6":2,"7":22},"f":{"0":22},"b":{"0":[2,0],"1":[0,2]},"_coverageSchema":"1a1c01bbd47fc00a2c39e90264f33305004495a9","hash":"cda6ed1557f37d3dc9a69c4cc118ba42d6ac2ed2"}
,"/Users/jeannemenager/Documents/GitHub/MON_2.1/logger.js": {"path":"/Users/jeannemenager/Documents/GitHub/MON_2.1/logger.js","statementMap":{"0":{"start":{"line":3,"column":10},"end":{"line":3,"column":47}},"1":{"start":{"line":7,"column":0},"end":{"line":23,"column":1}},"2":{"start":{"line":8,"column":2},"end":{"line":10,"column":4}},"3":{"start":{"line":12,"column":2},"end":{"line":22,"column":5}},"4":{"start":{"line":25,"column":22},"end":{"line":25,"column":35}}},"fnMap":{},"branchMap":{"0":{"loc":{"start":{"line":3,"column":10},"end":{"line":3,"column":47}},"type":"binary-expr","locations":[{"start":{"line":3,"column":10},"end":{"line":3,"column":30}},{"start":{"line":3,"column":34},"end":{"line":3,"column":47}}],"line":3},"1":{"loc":{"start":{"line":7,"column":0},"end":{"line":23,"column":1}},"type":"if","locations":[{"start":{"line":7,"column":0},"end":{"line":23,"column":1}},{"start":{"line":11,"column":7},"end":{"line":23,"column":1}}],"line":7}},"s":{"0":2,"1":2,"2":0,"3":2,"4":2},"f":{},"b":{"0":[2,0],"1":[0,2]},"_coverageSchema":"1a1c01bbd47fc00a2c39e90264f33305004495a9","hash":"e657e698b95c9131995c304598fd8ff1ea8007de"}
,"/Users/jeannemenager/Documents/GitHub/MON_2.1/back/numerologie.js": {"path":"/Users/jeannemenager/Documents/GitHub/MON_2.1/back/numerologie.js","statementMap":{"0":{"start":{"line":2,"column":16},"end":{"line":2,"column":17}},"1":{"start":{"line":3,"column":4},"end":{"line":5,"column":5}},"2":{"start":{"line":3,"column":15},"end":{"line":3,"column":16}},"3":{"start":{"line":4,"column":8},"end":{"line":4,"column":37}},"4":{"start":{"line":6,"column":4},"end":{"line":6,"column":16}},"5":{"start":{"line":10,"column":16},"end":{"line":10,"column":17}},"6":{"start":{"line":11,"column":17},"end":{"line":11,"column":31}},"7":{"start":{"line":12,"column":4},"end":{"line":14,"column":5}},"8":{"start":{"line":12,"column":15},"end":{"line":12,"column":16}},"9":{"start":{"line":13,"column":8},"end":{"line":13,"column":43}},"10":{"start":{"line":15,"column":4},"end":{"line":15,"column":16}},"11":{"start":{"line":19,"column":17},"end":{"line":19,"column":31}},"12":{"start":{"line":21,"column":4},"end":{"line":23,"column":5}},"13":{"start":{"line":22,"column":8},"end":{"line":22,"column":30}},"14":{"start":{"line":24,"column":4},"end":{"line":24,"column":17}}},"fnMap":{"0":{"name":"nombre","decl":{"start":{"line":1,"column":9},"end":{"line":1,"column":15}},"loc":{"start":{"line":1,"column":24},"end":{"line":7,"column":1}},"line":1},"1":{"name":"somme","decl":{"start":{"line":9,"column":9},"end":{"line":9,"column":14}},"loc":{"start":{"line":9,"column":23},"end":{"line":16,"column":1}},"line":9},"2":{"name":"chiffreAssocie","decl":{"start":{"line":18,"column":9},"end":{"line":18,"column":23}},"loc":{"start":{"line":18,"column":32},"end":{"line":25,"column":1}},"line":18}},"branchMap":{},"s":{"0":6,"1":6,"2":6,"3":13,"4":6,"5":10,"6":10,"7":10,"8":10,"9":24,"10":10,"11":5,"12":5,"13":9,"14":5},"f":{"0":6,"1":10,"2":5},"b":{},"_coverageSchema":"1a1c01bbd47fc00a2c39e90264f33305004495a9","hash":"70a2027974da6066d36cbedccd1744e078118892"}
,"/Users/jeannemenager/Documents/GitHub/MON_2.1/models/prénoms.js": {"path":"/Users/jeannemenager/Documents/GitHub/MON_2.1/models/prénoms.js","statementMap":{"0":{"start":{"line":5,"column":4},"end":{"line":12,"column":7}}},"fnMap":{"0":{"name":"(anonymous_0)","decl":{"start":{"line":3,"column":15},"end":{"line":3,"column":16}},"loc":{"start":{"line":3,"column":30},"end":{"line":14,"column":1}},"line":3}},"branchMap":{},"s":{"0":2},"f":{"0":2},"b":{},"_coverageSchema":"1a1c01bbd47fc00a2c39e90264f33305004495a9","hash":"8a90be6c3c5e6e0718b00e00452afcbca50424f9"}
,"/Users/jeannemenager/Documents/GitHub/MON_2.1/models/signification.js": {"path":"/Users/jeannemenager/Documents/GitHub/MON_2.1/models/signification.js","statementMap":{"0":{"start":{"line":5,"column":4},"end":{"line":16,"column":7}}},"fnMap":{"0":{"name":"(anonymous_0)","decl":{"start":{"line":3,"column":15},"end":{"line":3,"column":16}},"loc":{"start":{"line":3,"column":30},"end":{"line":18,"column":1}},"line":3}},"branchMap":{},"s":{"0":2},"f":{"0":2},"b":{},"_coverageSchema":"1a1c01bbd47fc00a2c39e90264f33305004495a9","hash":"e1ef8fbdd34230d77a1d8fc3f96d8185c0b01ca9"}
,"/Users/jeannemenager/Documents/GitHub/MON_2.1/routes/index.js": {"path":"/Users/jeannemenager/Documents/GitHub/MON_2.1/routes/index.js","statementMap":{"0":{"start":{"line":8,"column":13},"end":{"line":8,"column":29}},"1":{"start":{"line":10,"column":0},"end":{"line":37,"column":2}},"2":{"start":{"line":11,"column":4},"end":{"line":11,"column":26}},"3":{"start":{"line":12,"column":17},"end":{"line":12,"column":36}},"4":{"start":{"line":13,"column":18},"end":{"line":13,"column":45}},"5":{"start":{"line":14,"column":4},"end":{"line":25,"column":6}},"6":{"start":{"line":19,"column":8},"end":{"line":23,"column":9}},"7":{"start":{"line":20,"column":12},"end":{"line":22,"column":14}},"8":{"start":{"line":24,"column":8},"end":{"line":24,"column":25}},"9":{"start":{"line":26,"column":4},"end":{"line":36,"column":6}},"10":{"start":{"line":31,"column":8},"end":{"line":35,"column":10}},"11":{"start":{"line":39,"column":0},"end":{"line":39,"column":29}}},"fnMap":{"0":{"name":"(anonymous_0)","decl":{"start":{"line":10,"column":33},"end":{"line":10,"column":34}},"loc":{"start":{"line":10,"column":47},"end":{"line":37,"column":1}},"line":10},"1":{"name":"(anonymous_1)","decl":{"start":{"line":18,"column":12},"end":{"line":18,"column":13}},"loc":{"start":{"line":18,"column":22},"end":{"line":25,"column":5}},"line":18},"2":{"name":"(anonymous_2)","decl":{"start":{"line":30,"column":12},"end":{"line":30,"column":13}},"loc":{"start":{"line":30,"column":22},"end":{"line":36,"column":5}},"line":30}},"branchMap":{"0":{"loc":{"start":{"line":19,"column":8},"end":{"line":23,"column":9}},"type":"if","locations":[{"start":{"line":19,"column":8},"end":{"line":23,"column":9}},{"start":{},"end":{}}],"line":19}},"s":{"0":2,"1":2,"2":1,"3":1,"4":1,"5":1,"6":1,"7":0,"8":1,"9":1,"10":1,"11":2},"f":{"0":1,"1":1,"2":1},"b":{"0":[0,1]},"_coverageSchema":"1a1c01bbd47fc00a2c39e90264f33305004495a9","hash":"8d1ef5ea7cc3bc673217fc72a2482b632ec79f0c"}
,"/Users/jeannemenager/Documents/GitHub/MON_2.1/routes/api/index.js": {"path":"/Users/jeannemenager/Documents/GitHub/MON_2.1/routes/api/index.js","statementMap":{"0":{"start":{"line":6,"column":13},"end":{"line":6,"column":29}},"1":{"start":{"line":8,"column":0},"end":{"line":20,"column":2}},"2":{"start":{"line":9,"column":4},"end":{"line":19,"column":10}},"3":{"start":{"line":11,"column":24},"end":{"line":11,"column":26}},"4":{"start":{"line":12,"column":12},"end":{"line":17,"column":13}},"5":{"start":{"line":13,"column":16},"end":{"line":16,"column":18}},"6":{"start":{"line":18,"column":12},"end":{"line":18,"column":27}}},"fnMap":{"0":{"name":"(anonymous_0)","decl":{"start":{"line":8,"column":39},"end":{"line":8,"column":40}},"loc":{"start":{"line":8,"column":53},"end":{"line":20,"column":1}},"line":8},"1":{"name":"(anonymous_1)","decl":{"start":{"line":10,"column":14},"end":{"line":10,"column":15}},"loc":{"start":{"line":10,"column":24},"end":{"line":19,"column":9}},"line":10}},"branchMap":{},"s":{"0":2,"1":2,"2":0,"3":0,"4":0,"5":0,"6":0},"f":{"0":0,"1":0},"b":{},"_coverageSchema":"1a1c01bbd47fc00a2c39e90264f33305004495a9","hash":"1b885a5d41d5432dc6fb5ff06e8931002bf72fa4"}
}
