TN:
SF:app.js
FN:15,(anonymous_0)
FN:22,(anonymous_1)
FN:28,(anonymous_2)
FNF:3
FNH:3
FNDA:3,(anonymous_0)
FNDA:1,(anonymous_1)
FNDA:1,(anonymous_2)
DA:4,2
DA:5,2
DA:9,2
DA:15,2
DA:16,3
DA:17,3
DA:20,2
DA:22,2
DA:23,1
DA:26,2
DA:28,2
DA:29,1
DA:31,1
DA:32,1
DA:34,1
LF:15
LH:15
BRF:0
BRH:0
end_of_record
TN:
SF:db.js
FN:24,(anonymous_0)
FNF:1
FNH:1
FNDA:22,(anonymous_0)
DA:8,2
DA:9,2
DA:11,2
DA:15,2
DA:16,0
DA:18,2
DA:21,2
DA:24,22
LF:8
LH:7
BRDA:11,0,0,2
BRDA:11,0,1,0
BRDA:15,1,0,0
BRDA:15,1,1,2
BRF:4
BRH:2
end_of_record
TN:
SF:logger.js
FNF:0
FNH:0
DA:3,2
DA:7,2
DA:8,0
DA:12,2
DA:25,2
LF:5
LH:4
BRDA:3,0,0,2
BRDA:3,0,1,0
BRDA:7,1,0,0
BRDA:7,1,1,2
BRF:4
BRH:2
end_of_record
TN:
SF:back/numerologie.js
FN:1,nombre
FN:9,somme
FN:18,chiffreAssocie
FNF:3
FNH:3
FNDA:6,nombre
FNDA:10,somme
FNDA:5,chiffreAssocie
DA:2,6
DA:3,6
DA:4,13
DA:6,6
DA:10,10
DA:11,10
DA:12,10
DA:13,24
DA:15,10
DA:19,5
DA:21,5
DA:22,9
DA:24,5
LF:13
LH:13
BRF:0
BRH:0
end_of_record
TN:
SF:models/prénoms.js
FN:3,(anonymous_0)
FNF:1
FNH:1
FNDA:2,(anonymous_0)
DA:5,2
LF:1
LH:1
BRF:0
BRH:0
end_of_record
TN:
SF:models/signification.js
FN:3,(anonymous_0)
FNF:1
FNH:1
FNDA:2,(anonymous_0)
DA:5,2
LF:1
LH:1
BRF:0
BRH:0
end_of_record
TN:
SF:routes/index.js
FN:10,(anonymous_0)
FN:18,(anonymous_1)
FN:30,(anonymous_2)
FNF:3
FNH:3
FNDA:1,(anonymous_0)
FNDA:1,(anonymous_1)
FNDA:1,(anonymous_2)
DA:8,2
DA:10,2
DA:11,1
DA:12,1
DA:13,1
DA:14,1
DA:19,1
DA:20,0
DA:24,1
DA:26,1
DA:31,1
DA:39,2
LF:12
LH:11
BRDA:19,0,0,0
BRDA:19,0,1,1
BRF:2
BRH:1
end_of_record
TN:
SF:routes/api/index.js
FN:8,(anonymous_0)
FN:10,(anonymous_1)
FNF:2
FNH:0
FNDA:0,(anonymous_0)
FNDA:0,(anonymous_1)
DA:6,2
DA:8,2
DA:9,0
DA:11,0
DA:12,0
DA:13,0
DA:18,0
LF:7
LH:2
BRF:0
BRH:0
end_of_record
